{
  "RSpec": {
    "coverage": {
      "/home/konkecodes/vision/app/helpers/application_helper.rb": {
        "lines": [
          1,
          1,
          2,
          null,
          null,
          1,
          4,
          null,
          null
        ],
        "branches": {
          "[:if, 0, 7, 4, 7, 78]": {
            "[:then, 1, 7, 4, 7, 57]": 3,
            "[:else, 2, 7, 4, 7, 78]": 1
          }
        }
      },
      "/home/konkecodes/vision/app/helpers/pins_helper.rb": {
        "lines": [
          1,
          null
        ],
        "branches": {}
      },
      "/home/konkecodes/vision/app/controllers/application_controller.rb": {
        "lines": [
          1,
          1,
          1,
          null,
          1,
          null,
          1,
          null,
          1,
          null,
          1,
          145,
          null,
          null,
          1,
          91,
          null,
          null,
          1,
          2,
          1,
          null,
          null,
          null,
          1,
          49,
          null,
          null
        ],
        "branches": {
          "[:unless, 0, 20, 4, 22, 7]": {
            "[:else, 1, 20, 4, 22, 7]": 1,
            "[:then, 2, 21, 6, 21, 81]": 1
          },
          "[:if, 3, 26, 4, 26, 64]": {
            "[:then, 4, 26, 4, 26, 50]": 23,
            "[:else, 5, 26, 4, 26, 64]": 26
          }
        }
      },
      "/home/konkecodes/vision/app/controllers/comments_controller.rb": {
        "lines": [
          1,
          1,
          1,
          1,
          null,
          1,
          3,
          3,
          null,
          3,
          0,
          null,
          3,
          null,
          null,
          null,
          1,
          null,
          null,
          1,
          0,
          0,
          null,
          0,
          null,
          null,
          null,
          1,
          1,
          1,
          null,
          null,
          1,
          null,
          1,
          6,
          null,
          null,
          1,
          3,
          null,
          null,
          1,
          3,
          null,
          null,
          1,
          3,
          2,
          null,
          null,
          null
        ],
        "branches": {
          "[:if, 0, 10, 4, 14, 7]": {
            "[:then, 1, 11, 6, 11, 32]": 0,
            "[:else, 2, 13, 6, 13, 70]": 3
          },
          "[:if, 3, 21, 4, 25, 7]": {
            "[:then, 4, 22, 6, 22, 60]": 0,
            "[:else, 5, 24, 6, 24, 49]": 0
          },
          "[:unless, 6, 48, 4, 50, 7]": {
            "[:else, 7, 48, 4, 50, 7]": 1,
            "[:then, 8, 49, 6, 49, 71]": 2
          }
        }
      },
      "/home/konkecodes/vision/app/controllers/follows_controller.rb": {
        "lines": [
          1,
          1,
          null,
          1,
          3,
          3,
          3,
          null,
          null,
          1,
          3,
          3,
          3,
          null,
          null,
          1,
          null,
          1,
          9,
          3,
          null,
          null,
          null
        ],
        "branches": {
          "[:unless, 0, 19, 4, 21, 7]": {
            "[:else, 1, 19, 4, 21, 7]": 6,
            "[:then, 2, 20, 6, 20, 77]": 3
          }
        }
      },
      "/home/konkecodes/vision/app/controllers/likes_controller.rb": {
        "lines": [
          1,
          1,
          null,
          1,
          1,
          1,
          1,
          null,
          null,
          1,
          1,
          1,
          1,
          null,
          null,
          1,
          null,
          1,
          4,
          2,
          null,
          null,
          null
        ],
        "branches": {
          "[:unless, 0, 19, 4, 21, 7]": {
            "[:else, 1, 19, 4, 21, 7]": 2,
            "[:then, 2, 20, 6, 20, 74]": 2
          }
        }
      },
      "/home/konkecodes/vision/app/controllers/sessions_controller.rb": {
        "lines": [
          1,
          null,
          1,
          4,
          null,
          3,
          3,
          null,
          null,
          3,
          null,
          null,
          3,
          3,
          null,
          null,
          3,
          null,
          null,
          1,
          null,
          null,
          null,
          1,
          null,
          null,
          null,
          1,
          10,
          10,
          7,
          7,
          null,
          3,
          3,
          null,
          null,
          null,
          1,
          3,
          3,
          null,
          null,
          null
        ],
        "branches": {
          "[:if, 0, 4, 4, 21, 7]": {
            "[:then, 1, 6, 6, 17, 99]": 3,
            "[:else, 2, 20, 6, 20, 34]": 1
          },
          "[:if, 3, 30, 4, 36, 7]": {
            "[:then, 4, 31, 6, 32, 71]": 7,
            "[:else, 5, 34, 6, 35, 49]": 3
          }
        }
      },
      "/home/konkecodes/vision/app/models/repost.rb": {
        "lines": [
          1,
          1,
          1,
          null,
          null,
          1,
          null,
          null
        ],
        "branches": {}
      },
      "/home/konkecodes/vision/app/models/application_record.rb": {
        "lines": [
          1,
          1,
          null
        ],
        "branches": {}
      },
      "/home/konkecodes/vision/app/models/pin.rb": {
        "lines": [
          1,
          1,
          1,
          null,
          1,
          1,
          1,
          1,
          1,
          null,
          1,
          1,
          null,
          12,
          null,
          null,
          1,
          0,
          null,
          null,
          1,
          0,
          null,
          null,
          1,
          1,
          null,
          null
        ],
        "branches": {}
      },
      "/home/konkecodes/vision/app/models/user.rb": {
        "lines": [
          1,
          1,
          null,
          null,
          1,
          1,
          1,
          null,
          null,
          1,
          null,
          null,
          1,
          1,
          1,
          1,
          1,
          1,
          null,
          null,
          1,
          1,
          1,
          1,
          null,
          null,
          1,
          11,
          null,
          null,
          1,
          4,
          null,
          null,
          1,
          10,
          null,
          null,
          1,
          0,
          null,
          null,
          1,
          0,
          null,
          null,
          1,
          0,
          null,
          null,
          1,
          0,
          null,
          null,
          1,
          0,
          null,
          null,
          1,
          0,
          null,
          null,
          null,
          1,
          null,
          1,
          54,
          null,
          null,
          1,
          136,
          null,
          null
        ],
        "branches": {
          "[:unless, 0, 28, 4, 28, 69]": {
            "[:else, 1, 28, 4, 28, 69]": 2,
            "[:then, 2, 28, 4, 28, 21]": 9
          },
          "[:unless, 3, 40, 4, 40, 53]": {
            "[:else, 4, 40, 4, 40, 53]": 0,
            "[:then, 5, 40, 4, 40, 21]": 0
          },
          "[:unless, 6, 52, 4, 52, 59]": {
            "[:else, 7, 52, 4, 52, 59]": 0,
            "[:then, 8, 52, 4, 52, 24]": 0
          },
          "[:if, 9, 67, 4, 67, 49]": {
            "[:then, 10, 67, 4, 67, 31]": 54,
            "[:else, 11, 67, 4, 67, 49]": 0
          }
        }
      },
      "/home/konkecodes/vision/app/models/comment.rb": {
        "lines": [
          1,
          1,
          1,
          null,
          1,
          null,
          null,
          1,
          null
        ],
        "branches": {}
      },
      "/home/konkecodes/vision/app/models/follow.rb": {
        "lines": [
          1,
          1,
          1,
          null,
          1,
          1,
          null,
          1,
          null,
          1,
          9,
          null,
          null
        ],
        "branches": {
          "[:if, 0, 11, 8, 11, 87]": {
            "[:then, 1, 11, 8, 11, 57]": 0,
            "[:else, 2, 11, 8, 11, 87]": 9
          }
        }
      },
      "/home/konkecodes/vision/app/models/like.rb": {
        "lines": [
          1,
          1,
          1,
          null,
          1,
          null
        ],
        "branches": {}
      },
      "/home/konkecodes/vision/app/controllers/users_controller.rb": {
        "lines": [
          1,
          1,
          1,
          1,
          null,
          1,
          5,
          5,
          null,
          null,
          1,
          0,
          null,
          null,
          1,
          4,
          4,
          1,
          1,
          null,
          3,
          null,
          null,
          null,
          1,
          null,
          null,
          1,
          0,
          0,
          null,
          0,
          null,
          null,
          null,
          1,
          0,
          0,
          0,
          null,
          null,
          null,
          1,
          0,
          0,
          0,
          null,
          null,
          null,
          1,
          0,
          0,
          0,
          null,
          null,
          null,
          1,
          0,
          0,
          0,
          null,
          null,
          null,
          1,
          0,
          0,
          null,
          0,
          0,
          null,
          0,
          null,
          null,
          1,
          null,
          1,
          5,
          null,
          null,
          1,
          4,
          null,
          null,
          1,
          0,
          0,
          null,
          null,
          null
        ],
        "branches": {
          "[:if, 0, 17, 4, 22, 7]": {
            "[:then, 1, 18, 6, 19, 68]": 1,
            "[:else, 2, 21, 6, 21, 49]": 3
          },
          "[:if, 3, 29, 4, 33, 7]": {
            "[:then, 4, 30, 6, 30, 64]": 0,
            "[:else, 5, 32, 6, 32, 50]": 0
          },
          "[:\"&.\", 6, 44, 12, 44, 36]": {
            "[:then, 7, 44, 12, 44, 36]": 0,
            "[:else, 8, 44, 12, 44, 36]": 0
          },
          "[:unless, 9, 85, 4, 87, 7]": {
            "[:else, 10, 85, 4, 87, 7]": 0,
            "[:then, 11, 86, 6, 86, 73]": 0
          }
        }
      },
      "/home/konkecodes/vision/app/controllers/pins_controller.rb": {
        "lines": [
          0,
          0,
          0,
          0,
          null,
          null,
          0,
          0,
          0,
          null,
          null,
          0,
          null,
          0,
          0,
          null,
          null,
          0,
          0,
          0,
          null,
          null,
          0,
          0,
          0,
          0,
          0,
          0,
          0,
          0,
          0,
          null,
          null,
          0,
          0,
          null,
          null,
          0,
          0,
          0,
          0,
          0,
          0,
          0,
          null,
          null,
          0,
          0,
          0,
          0,
          null,
          null,
          0,
          0,
          0,
          0,
          0,
          0,
          0,
          0,
          0,
          0,
          null,
          0,
          null,
          0,
          0,
          0,
          null,
          0,
          0,
          0,
          null,
          0,
          0,
          0,
          0,
          0,
          0
        ],
        "branches": {}
      },
      "/home/konkecodes/vision/app/controllers/reposts_controller.rb": {
        "lines": [
          0,
          0,
          null,
          0,
          0,
          0,
          0,
          0,
          null,
          0,
          0,
          0,
          0,
          0,
          0
        ],
        "branches": {}
      }
    },
    "timestamp": 1763500638
  }
}
